<?xml version="1.0" encoding="UTF-8"?>
<!-- Generated by org.testng.reporters.JUnitReportReporter -->
<testsuite ignored="0" hostname="DESKTOP-20O7HK5" failures="0" tests="1" name="com.course.cases.GetUserInfoListTest" time="0.000" errors="0" timestamp="03 12月 2021 04:39:16 GMT" skipped="1">
  <testcase classname="com.course.cases.GetUserInfoListTest" name="getUserListInfo" time="0.000">
    <skipped/>
  </testcase> <!-- getUserListInfo -->
</testsuite> <!-- com.course.cases.GetUserInfoListTest -->
