<?xml version="1.0" encoding="UTF-8"?>
<!-- Generated by org.testng.reporters.JUnitReportReporter -->
<testsuite ignored="0" hostname="DESKTOP-20O7HK5" failures="0" tests="2" name="com.course.cases.UpdateUserInfoTest" time="0.000" errors="0" timestamp="03 12月 2021 04:39:16 GMT" skipped="2">
  <testcase classname="com.course.cases.UpdateUserInfoTest" name="deleteUser" time="0.000">
    <skipped/>
  </testcase> <!-- deleteUser -->
  <testcase classname="com.course.cases.UpdateUserInfoTest" name="updateUserInfo" time="0.000">
    <skipped/>
  </testcase> <!-- updateUserInfo -->
</testsuite> <!-- com.course.cases.UpdateUserInfoTest -->
